<?xml version="1.0" encoding="UTF-8"?>
<testsuite name="vn.com.anhemsoftware.license_app.Anhemsoftware_license_app.AnhemsoftwareLicenseAppApplicationTests" tests="1" skipped="0" failures="0" errors="0" timestamp="2025-08-17T07:43:13.587Z" hostname="Nguyens-MacBook-Air.local" time="0.238">
  <properties/>
  <testcase name="contextLoads()" classname="vn.com.anhemsoftware.license_app.Anhemsoftware_license_app.AnhemsoftwareLicenseAppApplicationTests" time="0.238"/>
  <system-out><![CDATA[14:43:12.001 [Test worker] INFO org.springframework.test.context.support.AnnotationConfigContextLoaderUtils -- Could not detect default configuration classes for test class [vn.com.anhemsoftware.license_app.Anhemsoftware_license_app.AnhemsoftwareLicenseAppApplicationTests]: AnhemsoftwareLicenseAppApplicationTests does not declare any static, non-private, non-final, nested classes annotated with @Configuration.
14:43:12.036 [Test worker] INFO org.springframework.boot.test.context.SpringBootTestContextBootstrapper -- Found @SpringBootConfiguration vn.com.anhemsoftware.license_app.AnhemsoftwareLicenseAppApplication for test class vn.com.anhemsoftware.license_app.Anhemsoftware_license_app.AnhemsoftwareLicenseAppApplicationTests

  .   ____          _            __ _ _
 /\\ / ___'_ __ _ _(_)_ __  __ _ \ \ \ \
( ( )\___ | '_ | '_| | '_ \/ _` | \ \ \ \
 \\/  ___)| |_)| | | | | || (_| |  ) ) ) )
  '  |____| .__|_| |_|_| |_\__, | / / / /
 =========|_|==============|___/=/_/_/_/

 :: Spring Boot ::                (v3.5.4)

2025-08-17T14:43:12.151+07:00  INFO 69385 --- [Anhemsoftware-license-app] [    Test worker] .AnhemsoftwareLicenseAppApplicationTests : Starting AnhemsoftwareLicenseAppApplicationTests using Java 21.0.7 with PID 69385 (started by nguyenlam in /Applications/Git/AnhEmSoftware/LicenseApp/All-Encompassing%20Software%20-%20License%20app%20-%20BE)
2025-08-17T14:43:12.151+07:00  INFO 69385 --- [Anhemsoftware-license-app] [    Test worker] .AnhemsoftwareLicenseAppApplicationTests : No active profile set, falling back to 1 default profile: "default"
2025-08-17T14:43:12.374+07:00  INFO 69385 --- [Anhemsoftware-license-app] [    Test worker] .s.d.r.c.RepositoryConfigurationDelegate : Bootstrapping Spring Data JPA repositories in DEFAULT mode.
2025-08-17T14:43:12.392+07:00  INFO 69385 --- [Anhemsoftware-license-app] [    Test worker] .s.d.r.c.RepositoryConfigurationDelegate : Finished Spring Data repository scanning in 14 ms. Found 1 JPA repository interface.
2025-08-17T14:43:12.524+07:00  INFO 69385 --- [Anhemsoftware-license-app] [    Test worker] o.hibernate.jpa.internal.util.LogHelper  : HHH000204: Processing PersistenceUnitInfo [name: default]
2025-08-17T14:43:12.537+07:00  INFO 69385 --- [Anhemsoftware-license-app] [    Test worker] org.hibernate.Version                    : HHH000412: Hibernate ORM core version 6.6.22.Final
2025-08-17T14:43:12.546+07:00  INFO 69385 --- [Anhemsoftware-license-app] [    Test worker] o.h.c.internal.RegionFactoryInitiator    : HHH000026: Second-level cache disabled
2025-08-17T14:43:12.622+07:00  INFO 69385 --- [Anhemsoftware-license-app] [    Test worker] o.s.o.j.p.SpringPersistenceUnitInfo      : No LoadTimeWeaver setup: ignoring JPA class transformer
2025-08-17T14:43:12.629+07:00  INFO 69385 --- [Anhemsoftware-license-app] [    Test worker] com.zaxxer.hikari.HikariDataSource       : HikariPool-1 - Starting...
2025-08-17T14:43:12.756+07:00  INFO 69385 --- [Anhemsoftware-license-app] [    Test worker] com.zaxxer.hikari.pool.HikariPool        : HikariPool-1 - Added connection com.mysql.cj.jdbc.ConnectionImpl@4af0c50
2025-08-17T14:43:12.756+07:00  INFO 69385 --- [Anhemsoftware-license-app] [    Test worker] com.zaxxer.hikari.HikariDataSource       : HikariPool-1 - Start completed.
2025-08-17T14:43:12.774+07:00  WARN 69385 --- [Anhemsoftware-license-app] [    Test worker] org.hibernate.orm.deprecation            : HHH90000025: MySQLDialect does not need to be specified explicitly using 'hibernate.dialect' (remove the property setting and it will be selected by default)
2025-08-17T14:43:12.779+07:00  INFO 69385 --- [Anhemsoftware-license-app] [    Test worker] org.hibernate.orm.connections.pooling    : HHH10001005: Database info:
	Database JDBC URL [Connecting through datasource 'HikariDataSource (HikariPool-1)']
	Database driver: undefined/unknown
	Database version: 9.4
	Autocommit mode: undefined/unknown
	Isolation level: undefined/unknown
	Minimum pool size: undefined/unknown
	Maximum pool size: undefined/unknown
2025-08-17T14:43:13.003+07:00  INFO 69385 --- [Anhemsoftware-license-app] [    Test worker] o.h.e.t.j.p.i.JtaPlatformInitiator       : HHH000489: No JTA platform available (set 'hibernate.transaction.jta.platform' to enable JTA platform integration)
Hibernate: drop table if exists user
Hibernate: create table user (id bigint not null auto_increment, address varchar(255), email varchar(255), full_name varchar(255), password varchar(255), phone varchar(255), primary key (id)) engine=InnoDB
2025-08-17T14:43:13.257+07:00  INFO 69385 --- [Anhemsoftware-license-app] [    Test worker] j.LocalContainerEntityManagerFactoryBean : Initialized JPA EntityManagerFactory for persistence unit 'default'
2025-08-17T14:43:13.377+07:00  WARN 69385 --- [Anhemsoftware-license-app] [    Test worker] JpaBaseConfiguration$JpaWebConfiguration : spring.jpa.open-in-view is enabled by default. Therefore, database queries may be performed during view rendering. Explicitly configure spring.jpa.open-in-view to disable this warning
2025-08-17T14:43:13.451+07:00  INFO 69385 --- [Anhemsoftware-license-app] [    Test worker] eAuthenticationProviderManagerConfigurer : Global AuthenticationManager configured with AuthenticationProvider bean with name authenticationProvider
2025-08-17T14:43:13.452+07:00  WARN 69385 --- [Anhemsoftware-license-app] [    Test worker] r$InitializeUserDetailsManagerConfigurer : Global AuthenticationManager configured with an AuthenticationProvider bean. UserDetailsService beans will not be used by Spring Security for automatically configuring username/password login. Consider removing the AuthenticationProvider bean. Alternatively, consider using the UserDetailsService in a manually instantiated DaoAuthenticationProvider. If the current configuration is intentional, to turn off this warning, increase the logging level of 'org.springframework.security.config.annotation.authentication.configuration.InitializeUserDetailsBeanManagerConfigurer' to ERROR
2025-08-17T14:43:13.510+07:00  INFO 69385 --- [Anhemsoftware-license-app] [    Test worker] o.s.v.b.OptionalValidatorFactoryBean     : Failed to set up a Bean Validation provider: jakarta.validation.NoProviderFoundException: Unable to create a Configuration, because no Jakarta Bean Validation provider could be found. Add a provider like Hibernate Validator (RI) to your classpath.
2025-08-17T14:43:13.583+07:00  INFO 69385 --- [Anhemsoftware-license-app] [    Test worker] .AnhemsoftwareLicenseAppApplicationTests : Started AnhemsoftwareLicenseAppApplicationTests in 1.5 seconds (process running for 1.847)
]]></system-out>
  <system-err><![CDATA[Mockito is currently self-attaching to enable the inline-mock-maker. This will no longer work in future releases of the JDK. Please add Mockito as an agent to your build as described in Mockito's documentation: https://javadoc.io/doc/org.mockito/mockito-core/latest/org.mockito/org/mockito/Mockito.html#0.3
WARNING: A Java agent has been loaded dynamically (/Users/nguyenlam/.gradle/caches/modules-2/files-2.1/net.bytebuddy/byte-buddy-agent/1.17.6/17b32fd9f57deef02842f7f05abc4ad8127fe34e/byte-buddy-agent-1.17.6.jar)
WARNING: If a serviceability tool is in use, please run with -XX:+EnableDynamicAgentLoading to hide this warning
WARNING: If a serviceability tool is not in use, please run with -Djdk.instrument.traceUsage for more information
WARNING: Dynamic loading of agents will be disallowed by default in a future release
]]></system-err>
</testsuite>
